生成启动时间为 2016/6/27 17:28:11。
     1>项目“D:\syyserver\syyserver\syyserver\syyserver.vcxproj”在节点 2 上(build 个目标)。
     1>InitializeBuildStatus:
         正在对“Debug\syyserver.unsuccessfulbuild”执行 Touch 任务。
       ClCompile:
         所有输出均为最新。
         C:\Program Files (x86)\Microsoft Visual Studio 10.0\VC\bin\CL.exe /c /ZI /nologo /W3 /WX- /Od /Oy- /D WIN32 /D _DEBUG /D _CONSOLE /D _UNICODE /D UNICODE /Gm /EHsc /RTC1 /MDd /GS /fp:precise /Zc:wchar_t /Zc:forScope /Yu"StdAfx.h" /Fp"Debug\syyserver.pch" /Fo"Debug\\" /Fd"Debug\vc100.pdb" /Gd /TP /analyze- /errorReport:prompt rmi\task.cpp syyserver.cpp
         syyserver.cpp
         task.cpp
     1>d:\syyserver\syyserver\syyserver\rmi\process.h(239): error C2143: 语法错误 : 缺少“;”(在“<”的前面)
                 d:\syyserver\syyserver\syyserver\rmi\process.h(277): 参见对正在编译的类 模板 实例化“CFuncClosure<FunctionT,IS_RMI>”的引用
     1>d:\syyserver\syyserver\syyserver\rmi\process.h(239): error C4430: 缺少类型说明符 - 假定为 int。注意: C++ 不支持默认 int
     1>d:\syyserver\syyserver\syyserver\rmi\process.h(239): error C2238: 意外的标记位于“;”之前
     1>d:\syyserver\syyserver\syyserver\rmi\process.h(241): error C2653: “FunTraitT”: 不是类或命名空间名称
     1>d:\syyserver\syyserver\syyserver\rmi\process.h(241): error C2146: 语法错误: 缺少“;”(在标识符“ClassT”的前面)
     1>d:\syyserver\syyserver\syyserver\rmi\process.h(241): error C4430: 缺少类型说明符 - 假定为 int。注意: C++ 不支持默认 int
     1>d:\syyserver\syyserver\syyserver\rmi\process.h(241): error C4430: 缺少类型说明符 - 假定为 int。注意: C++ 不支持默认 int
     1>d:\syyserver\syyserver\syyserver\rmi\process.h(242): error C2653: “FunTraitT”: 不是类或命名空间名称
     1>d:\syyserver\syyserver\syyserver\rmi\process.h(242): error C2146: 语法错误: 缺少“;”(在标识符“FuncT”的前面)
     1>d:\syyserver\syyserver\syyserver\rmi\process.h(242): error C4430: 缺少类型说明符 - 假定为 int。注意: C++ 不支持默认 int
     1>d:\syyserver\syyserver\syyserver\rmi\process.h(242): error C4430: 缺少类型说明符 - 假定为 int。注意: C++ 不支持默认 int
     1>d:\syyserver\syyserver\syyserver\rmi\process.h(243): error C2653: “FunTraitT”: 不是类或命名空间名称
     1>d:\syyserver\syyserver\syyserver\rmi\process.h(243): error C2146: 语法错误: 缺少“;”(在标识符“ReT”的前面)
     1>d:\syyserver\syyserver\syyserver\rmi\process.h(243): error C4430: 缺少类型说明符 - 假定为 int。注意: C++ 不支持默认 int
     1>d:\syyserver\syyserver\syyserver\rmi\process.h(243): error C4430: 缺少类型说明符 - 假定为 int。注意: C++ 不支持默认 int
     1>d:\syyserver\syyserver\syyserver\rmi\process.h(245): error C2143: 语法错误 : 缺少“;”(在“<”的前面)
     1>d:\syyserver\syyserver\syyserver\rmi\process.h(245): error C4430: 缺少类型说明符 - 假定为 int。注意: C++ 不支持默认 int
     1>d:\syyserver\syyserver\syyserver\rmi\process.h(245): error C2238: 意外的标记位于“;”之前
     1>d:\syyserver\syyserver\syyserver\rmi\process.h(247): error C2143: 语法错误 : 缺少“;”(在“<”的前面)
     1>d:\syyserver\syyserver\syyserver\rmi\process.h(247): error C4430: 缺少类型说明符 - 假定为 int。注意: C++ 不支持默认 int
     1>d:\syyserver\syyserver\syyserver\rmi\process.h(249): error C2238: 意外的标记位于“;”之前
     1>d:\syyserver\syyserver\syyserver\rmi\process.h(251): error C2146: 语法错误: 缺少“;”(在标识符“m_closure”的前面)
     1>d:\syyserver\syyserver\syyserver\rmi\process.h(251): error C4430: 缺少类型说明符 - 假定为 int。注意: C++ 不支持默认 int
     1>d:\syyserver\syyserver\syyserver\rmi\process.h(251): error C4430: 缺少类型说明符 - 假定为 int。注意: C++ 不支持默认 int
     1>d:\syyserver\syyserver\syyserver\rmi\process.h(253): error C2061: 语法错误: 标识符“ClassT”
     1>d:\syyserver\syyserver\syyserver\rmi\process.h(257): error C2061: 语法错误: 标识符“ClassT”
     1>d:\syyserver\syyserver\syyserver\rmi\process.h(257): error C2535: “CFuncClosure<FunctionT,IS_RMI>::CFuncClosure(void)”: 已经定义或声明成员函数
                 d:\syyserver\syyserver\syyserver\rmi\process.h(253) : 参见“CFuncClosure<FunctionT,IS_RMI>::CFuncClosure”的声明
     1>d:\syyserver\syyserver\syyserver\rmi\process.h(284): error C2227: “->GetTaskManager”的左边必须指向类/结构/联合/泛型类型
                 类型是“'unknown-type'”
     1>d:\syyserver\syyserver\syyserver\rmi\process.h(284): error C3861: “GetBiboRegistry”: 找不到标识符
     1>d:\syyserver\syyserver\syyserver\rmi\process.h(293): error C2227: “->GetTaskManager”的左边必须指向类/结构/联合/泛型类型
                 类型是“'unknown-type'”
     1>d:\syyserver\syyserver\syyserver\rmi\process.h(293): error C3861: “GetBiboRegistry”: 找不到标识符
     1>d:\syyserver\syyserver\syyserver\rmi\process.h(302): error C2227: “->GetTaskManager”的左边必须指向类/结构/联合/泛型类型
                 类型是“'unknown-type'”
     1>d:\syyserver\syyserver\syyserver\rmi\process.h(302): error C3861: “GetBiboRegistry”: 找不到标识符
     1>d:\syyserver\syyserver\syyserver\rmi\process.h(311): error C2227: “->GetTaskManager”的左边必须指向类/结构/联合/泛型类型
                 类型是“'unknown-type'”
     1>d:\syyserver\syyserver\syyserver\rmi\process.h(311): error C3861: “GetBiboRegistry”: 找不到标识符
     1>d:\syyserver\syyserver\syyserver\rmi\process.h(317): error C2227: “->GetTaskManager”的左边必须指向类/结构/联合/泛型类型
                 类型是“'unknown-type'”
     1>d:\syyserver\syyserver\syyserver\rmi\process.h(317): error C3861: “GetBiboRegistry”: 找不到标识符
     1>d:\syyserver\syyserver\syyserver\rmi\process.h(324): error C2227: “->GetTaskManager”的左边必须指向类/结构/联合/泛型类型
                 类型是“'unknown-type'”
     1>d:\syyserver\syyserver\syyserver\rmi\process.h(324): error C3861: “GetBiboRegistry”: 找不到标识符
     1>d:\syyserver\syyserver\syyserver\rmi\process.h(330): error C2227: “->GetTaskManager”的左边必须指向类/结构/联合/泛型类型
                 类型是“'unknown-type'”
     1>d:\syyserver\syyserver\syyserver\rmi\process.h(330): error C3861: “GetBiboRegistry”: 找不到标识符
     1>d:\syyserver\syyserver\syyserver\rmi\process.h(367): error C2227: “->GetTaskManager”的左边必须指向类/结构/联合/泛型类型
                 类型是“'unknown-type'”
     1>d:\syyserver\syyserver\syyserver\rmi\process.h(367): error C2227: “->CurrentTask”的左边必须指向类/结构/联合/泛型类型
     1>d:\syyserver\syyserver\syyserver\rmi\process.h(367): error C3861: “GetBiboRegistry”: 找不到标识符
     1>d:\syyserver\syyserver\syyserver\rmi\process.h(379): fatal error C1083: 无法打开包括文件:“process.inl”: No such file or directory
         正在生成代码...
     1>已完成生成项目“D:\syyserver\syyserver\syyserver\syyserver.vcxproj”(build 个目标)的操作 - 失败。

生成失败。

已用时间 00:00:02.56
