D:\SYYSERVER\SYYSERVER\DEBUG\SYYSERVER.EXE
D:\SYYSERVER\SYYSERVER\DEBUG\SYYSERVER.EXE.MANIFEST
D:\SYYSERVER\SYYSERVER\DEBUG\SYYSERVER.ILK
D:\SYYSERVER\SYYSERVER\DEBUG\SYYSERVER.PDB
D:\SYYSERVER\SYYSERVER\SYYSERVER\DEBUG\CHAR_MNG.OBJ
D:\syyserver\syyserver\syyserver\Debug\cl.command.1.tlog
D:\syyserver\syyserver\syyserver\Debug\CL.read.1.tlog
D:\syyserver\syyserver\syyserver\Debug\CL.write.1.tlog
D:\syyserver\syyserver\syyserver\Debug\link.1400.read.1.tlog
D:\syyserver\syyserver\syyserver\Debug\link.1400.write.1.tlog
D:\syyserver\syyserver\syyserver\Debug\link.15076.read.1.tlog
D:\syyserver\syyserver\syyserver\Debug\link.15076.write.1.tlog
D:\syyserver\syyserver\syyserver\Debug\link.15504.read.1.tlog
D:\syyserver\syyserver\syyserver\Debug\link.15504.write.1.tlog
D:\syyserver\syyserver\syyserver\Debug\link.15908.read.1.tlog
D:\syyserver\syyserver\syyserver\Debug\link.15908.write.1.tlog
D:\syyserver\syyserver\syyserver\Debug\link.24548.read.1.tlog
D:\syyserver\syyserver\syyserver\Debug\link.24548.write.1.tlog
D:\syyserver\syyserver\syyserver\Debug\link.27116.read.1.tlog
D:\syyserver\syyserver\syyserver\Debug\link.27116.write.1.tlog
D:\syyserver\syyserver\syyserver\Debug\link.27752.read.1.tlog
D:\syyserver\syyserver\syyserver\Debug\link.27752.write.1.tlog
D:\syyserver\syyserver\syyserver\Debug\link.28180.read.1.tlog
D:\syyserver\syyserver\syyserver\Debug\link.28180.write.1.tlog
D:\syyserver\syyserver\syyserver\Debug\link.4032.read.1.tlog
D:\syyserver\syyserver\syyserver\Debug\link.4032.write.1.tlog
D:\syyserver\syyserver\syyserver\Debug\link.command.1.tlog
D:\syyserver\syyserver\syyserver\Debug\link.read.1.tlog
D:\syyserver\syyserver\syyserver\Debug\link.write.1.tlog
D:\syyserver\syyserver\syyserver\Debug\mt.command.1.tlog
D:\syyserver\syyserver\syyserver\Debug\mt.read.1.tlog
D:\syyserver\syyserver\syyserver\Debug\mt.write.1.tlog
D:\SYYSERVER\SYYSERVER\SYYSERVER\DEBUG\PLAYER.OBJ
D:\SYYSERVER\SYYSERVER\SYYSERVER\DEBUG\STDAFX.OBJ
D:\SYYSERVER\SYYSERVER\SYYSERVER\DEBUG\SYYSERVER.EXE.INTERMEDIATE.MANIFEST
D:\SYYSERVER\SYYSERVER\SYYSERVER\DEBUG\SYYSERVER.OBJ
D:\SYYSERVER\SYYSERVER\SYYSERVER\DEBUG\SYYSERVER.PCH
D:\syyserver\syyserver\syyserver\Debug\syyserver.vcxprojResolveAssemblyReference.cache
D:\syyserver\syyserver\syyserver\Debug\syyserver.write.1.tlog
D:\SYYSERVER\SYYSERVER\SYYSERVER\DEBUG\TASK.OBJ
D:\SYYSERVER\SYYSERVER\SYYSERVER\DEBUG\TAURUS_IMP.OBJ
D:\syyserver\syyserver\syyserver\Debug\vc100.idb
D:\SYYSERVER\SYYSERVER\SYYSERVER\DEBUG\VC100.PDB
