生成启动时间为 2016/9/21 13:05:32。
     1>项目“D:\syyserver\syyserver\syyserver\syyserver\syyserver.vcxproj”在节点 2 上(build 个目标)。
     1>InitializeBuildStatus:
         正在创建“Release\syyserver.unsuccessfulbuild”，因为已指定“AlwaysCreate”。
       ClCompile:
         所有输出均为最新。
         C:\Program Files (x86)\Microsoft Visual Studio 10.0\VC\bin\CL.exe /c /Zi /nologo /W3 /WX- /O2 /Oi /Oy- /GL /D WIN32 /D NDEBUG /D _CONSOLE /D _UNICODE /D UNICODE /Gm- /EHsc /MD /GS /Gy /fp:precise /Zc:wchar_t /Zc:forScope /Yu"StdAfx.h" /Fp"Release\syyserver.pch" /Fo"Release\\" /Fd"Release\vc100.pdb" /Gd /TP /analyze- /errorReport:prompt syyserver.cpp
         syyserver.cpp
       Link:
         C:\Program Files (x86)\Microsoft Visual Studio 10.0\VC\bin\link.exe /ERRORREPORT:PROMPT /OUT:"D:\syyserver\syyserver\syyserver\Release\syyserver.exe" /INCREMENTAL:NO /NOLOGO kernel32.lib user32.lib gdi32.lib winspool.lib comdlg32.lib advapi32.lib shell32.lib ole32.lib oleaut32.lib uuid.lib odbc32.lib odbccp32.lib /MANIFEST /ManifestFile:"Release\syyserver.exe.intermediate.manifest" /MANIFESTUAC:"level='asInvoker' uiAccess='false'" /DEBUG /PDB:"D:\syyserver\syyserver\syyserver\Release\syyserver.pdb" /SUBSYSTEM:CONSOLE /OPT:REF /OPT:ICF /LTCG /TLBID:1 /DYNAMICBASE /NXCOMPAT /IMPLIB:"D:\syyserver\syyserver\syyserver\Release\syyserver.lib" /MACHINE:X86 Release\player.obj
         Release\task.obj
         Release\taurus_imp.obj
         Release\stdafx.obj
         Release\syyserver.obj
         正在生成代码
         已完成代码的生成
         syyserver.vcxproj -> D:\syyserver\syyserver\syyserver\Release\syyserver.exe
       Manifest:
         C:\Program Files (x86)\Microsoft SDKs\Windows\v7.0A\bin\mt.exe /nologo /verbose /outputresource:"D:\syyserver\syyserver\syyserver\Release\syyserver.exe;#1" /manifest Release\syyserver.exe.intermediate.manifest
       FinalizeBuildStatus:
         正在删除文件“Release\syyserver.unsuccessfulbuild”。
         正在对“Release\syyserver.lastbuildstate”执行 Touch 任务。
     1>已完成生成项目“D:\syyserver\syyserver\syyserver\syyserver\syyserver.vcxproj”(build 个目标)的操作。

生成成功。

已用时间 00:00:01.12
