D:\SYYSERVER\SYYSERVER\RELEASE\SYYSERVER.EXE
D:\SYYSERVER\SYYSERVER\RELEASE\SYYSERVER.PDB
D:\SYYSERVER\SYYSERVER\SYYSERVER\RELEASE\CHAR_MNG.OBJ
D:\syyserver\syyserver\syyserver\Release\cl.command.1.tlog
D:\syyserver\syyserver\syyserver\Release\CL.read.1.tlog
D:\syyserver\syyserver\syyserver\Release\CL.write.1.tlog
D:\SYYSERVER\SYYSERVER\SYYSERVER\RELEASE\EVENT.PB.OBJ
D:\syyserver\syyserver\syyserver\Release\link.command.1.tlog
D:\syyserver\syyserver\syyserver\Release\link.read.1.tlog
D:\syyserver\syyserver\syyserver\Release\link.write.1.tlog
D:\syyserver\syyserver\syyserver\Release\mt.command.1.tlog
D:\syyserver\syyserver\syyserver\Release\mt.read.1.tlog
D:\syyserver\syyserver\syyserver\Release\mt.write.1.tlog
D:\SYYSERVER\SYYSERVER\SYYSERVER\RELEASE\PLAYER.OBJ
D:\SYYSERVER\SYYSERVER\SYYSERVER\RELEASE\STDAFX.OBJ
D:\SYYSERVER\SYYSERVER\SYYSERVER\RELEASE\SYYSERVER.EXE.INTERMEDIATE.MANIFEST
D:\SYYSERVER\SYYSERVER\SYYSERVER\RELEASE\SYYSERVER.OBJ
D:\SYYSERVER\SYYSERVER\SYYSERVER\RELEASE\SYYSERVER.PCH
D:\syyserver\syyserver\syyserver\Release\syyserver.vcxprojResolveAssemblyReference.cache
D:\syyserver\syyserver\syyserver\Release\syyserver.write.1.tlog
D:\SYYSERVER\SYYSERVER\SYYSERVER\RELEASE\TASK.OBJ
D:\SYYSERVER\SYYSERVER\SYYSERVER\RELEASE\TAURUS_IMP.OBJ
D:\SYYSERVER\SYYSERVER\SYYSERVER\RELEASE\VC100.PDB
